生成启动时间为 2019/7/11 18:10:47。
     1>项目“E:\工作\暑假项目\UPX-Visual-Studio-LZSS-RC4\upx-3.95\upx-3.95.vcxproj”在节点 2 上(Build 个目标)。
     1>ClCompile:
         D:\vs2013\VC\bin\x86_amd64\CL.exe /c /Zi /nologo /W3 /WX- /Od /D WIN32 /D _DEBUG /D _CONSOLE /D _UNICODE /D UNICODE /Gm /EHsc /RTC1 /MDd /GS /fp:precise /Zc:wchar_t /Zc:forScope /Fo"x64\Debug\\" /Fd"x64\Debug\vc120.pdb" /Gd /TP /errorReport:prompt /J help.cpp
         help.cpp
       Link:
         D:\vs2013\VC\bin\x86_amd64\link.exe /ERRORREPORT:PROMPT /OUT:"E:\工作\暑假项目\UPX-Visual-Studio-LZSS-RC4\x64\Debug\upx.exe" /INCREMENTAL /NOLOGO ../x64/Release/ucl.lib ../x64/Release/zlib.lib kernel32.lib user32.lib gdi32.lib winspool.lib comdlg32.lib advapi32.lib shell32.lib ole32.lib oleaut32.lib uuid.lib odbc32.lib odbccp32.lib kernel32.lib user32.lib gdi32.lib winspool.lib comdlg32.lib advapi32.lib shell32.lib ole32.lib oleaut32.lib uuid.lib odbc32.lib odbccp32.lib /NODEFAULTLIB:libcmt.lib /MANIFEST /MANIFESTUAC:"level='asInvoker' uiAccess='false'" /manifest:embed /DEBUG /PDB:"E:\工作\暑假项目\UPX-Visual-Studio-LZSS-RC4\x64\Debug\upx.pdb" /SUBSYSTEM:CONSOLE /TLBID:1 /DYNAMICBASE /NXCOMPAT /IMPLIB:"E:\工作\暑假项目\UPX-Visual-Studio-LZSS-RC4\x64\Debug\upx.lib" /MACHINE:X64 /SAFESEH:NO x64\Debug\compress.obj
         x64\Debug\compress_amg.obj
         x64\Debug\compress_lzma.obj
         x64\Debug\compress_ucl.obj
         x64\Debug\compress_zlib.obj
         x64\Debug\c_file.obj
         x64\Debug\c_init.obj
         x64\Debug\c_none.obj
         x64\Debug\c_screen.obj
         x64\Debug\except.obj
         x64\Debug\file.obj
         x64\Debug\filter.obj
         x64\Debug\filteri.obj
         x64\Debug\help.obj
         x64\Debug\lefile.obj
         x64\Debug\linker.obj
         x64\Debug\main.obj
         x64\Debug\mem.obj
         x64\Debug\msg.obj
         x64\Debug\packer.obj
         x64\Debug\packer_c.obj
         x64\Debug\packer_f.obj
         x64\Debug\packhead.obj
         x64\Debug\packmast.obj
         x64\Debug\pefile.obj
         x64\Debug\p_armpe.obj
         x64\Debug\p_com.obj
         x64\Debug\p_djgpp2.obj
         x64\Debug\p_exe.obj
         x64\Debug\p_lx_elf.obj
         x64\Debug\p_lx_exc.obj
         x64\Debug\p_lx_interp.obj
         x64\Debug\p_lx_sh.obj
         x64\Debug\p_mach.obj
         x64\Debug\p_ps1.obj
         x64\Debug\p_sys.obj
         x64\Debug\p_tmt.obj
         x64\Debug\p_tos.obj
         x64\Debug\p_unix.obj
         x64\Debug\p_vmlinx.obj
         x64\Debug\p_vmlinz.obj
         x64\Debug\p_w32pe.obj
         x64\Debug\p_w64pep.obj
         x64\Debug\p_wcle.obj
         x64\Debug\snprintf.obj
         x64\Debug\stdcxx.obj
         x64\Debug\s_djgpp2.obj
         x64\Debug\s_object.obj
         x64\Debug\s_vcsa.obj
         x64\Debug\s_win32.obj
         x64\Debug\ui.obj
         x64\Debug\util.obj
         x64\Debug\work.obj
         upx-3.95.vcxproj -> E:\工作\暑假项目\UPX-Visual-Studio-LZSS-RC4\x64\Debug\upx.exe
     1>已完成生成项目“E:\工作\暑假项目\UPX-Visual-Studio-LZSS-RC4\upx-3.95\upx-3.95.vcxproj”(Build 个目标)的操作。

生成成功。

已用时间 00:00:03.13
