e:\工作\暑假项目\upx-visual-studio-lzss-rc4\x64\release\vc120.pdb
e:\工作\暑假项目\upx-visual-studio-lzss-rc4\zlib_1.2.11\x64\release\zutil.obj
e:\工作\暑假项目\upx-visual-studio-lzss-rc4\zlib_1.2.11\x64\release\zip.obj
e:\工作\暑假项目\upx-visual-studio-lzss-rc4\zlib_1.2.11\x64\release\unzip.obj
e:\工作\暑假项目\upx-visual-studio-lzss-rc4\zlib_1.2.11\x64\release\uncompr.obj
e:\工作\暑假项目\upx-visual-studio-lzss-rc4\zlib_1.2.11\x64\release\trees.obj
e:\工作\暑假项目\upx-visual-studio-lzss-rc4\zlib_1.2.11\x64\release\ioapi.obj
e:\工作\暑假项目\upx-visual-studio-lzss-rc4\zlib_1.2.11\x64\release\inftrees.obj
e:\工作\暑假项目\upx-visual-studio-lzss-rc4\zlib_1.2.11\x64\release\inflate.obj
e:\工作\暑假项目\upx-visual-studio-lzss-rc4\zlib_1.2.11\x64\release\inffast.obj
e:\工作\暑假项目\upx-visual-studio-lzss-rc4\zlib_1.2.11\x64\release\infback.obj
e:\工作\暑假项目\upx-visual-studio-lzss-rc4\zlib_1.2.11\x64\release\gzwrite.obj
e:\工作\暑假项目\upx-visual-studio-lzss-rc4\zlib_1.2.11\x64\release\gzread.obj
e:\工作\暑假项目\upx-visual-studio-lzss-rc4\zlib_1.2.11\x64\release\gzlib.obj
e:\工作\暑假项目\upx-visual-studio-lzss-rc4\zlib_1.2.11\x64\release\gzclose.obj
e:\工作\暑假项目\upx-visual-studio-lzss-rc4\zlib_1.2.11\x64\release\deflate.obj
e:\工作\暑假项目\upx-visual-studio-lzss-rc4\zlib_1.2.11\x64\release\crc32.obj
e:\工作\暑假项目\upx-visual-studio-lzss-rc4\zlib_1.2.11\x64\release\compress.obj
e:\工作\暑假项目\upx-visual-studio-lzss-rc4\zlib_1.2.11\x64\release\adler32.obj
e:\工作\暑假项目\upx-visual-studio-lzss-rc4\x64\release\zlib.lib
e:\工作\暑假项目\upx-visual-studio-lzss-rc4\zlib_1.2.11\x64\release\zlib.tlog\cl.command.1.tlog
e:\工作\暑假项目\upx-visual-studio-lzss-rc4\zlib_1.2.11\x64\release\zlib.tlog\cl.read.1.tlog
e:\工作\暑假项目\upx-visual-studio-lzss-rc4\zlib_1.2.11\x64\release\zlib.tlog\cl.write.1.tlog
e:\工作\暑假项目\upx-visual-studio-lzss-rc4\zlib_1.2.11\x64\release\zlib.tlog\lib-link.read.1.tlog
e:\工作\暑假项目\upx-visual-studio-lzss-rc4\zlib_1.2.11\x64\release\zlib.tlog\lib-link.write.1.tlog
e:\工作\暑假项目\upx-visual-studio-lzss-rc4\zlib_1.2.11\x64\release\zlib.tlog\lib.command.1.tlog
