e:\工作\暑假项目\upx-visual-studio-lzss-rc4\upx-3.95\x64\release\vc120.pdb
e:\工作\暑假项目\upx-visual-studio-lzss-rc4\upx-3.95\x64\release\packer.obj
e:\工作\暑假项目\upx-visual-studio-lzss-rc4\upx-3.95\x64\release\msg.obj
e:\工作\暑假项目\upx-visual-studio-lzss-rc4\upx-3.95\x64\release\mem.obj
e:\工作\暑假项目\upx-visual-studio-lzss-rc4\upx-3.95\x64\release\main.obj
e:\工作\暑假项目\upx-visual-studio-lzss-rc4\upx-3.95\x64\release\linker.obj
e:\工作\暑假项目\upx-visual-studio-lzss-rc4\upx-3.95\x64\release\lefile.obj
e:\工作\暑假项目\upx-visual-studio-lzss-rc4\upx-3.95\x64\release\help.obj
e:\工作\暑假项目\upx-visual-studio-lzss-rc4\upx-3.95\x64\release\filteri.obj
e:\工作\暑假项目\upx-visual-studio-lzss-rc4\upx-3.95\x64\release\filter.obj
e:\工作\暑假项目\upx-visual-studio-lzss-rc4\upx-3.95\x64\release\file.obj
e:\工作\暑假项目\upx-visual-studio-lzss-rc4\upx-3.95\x64\release\except.obj
e:\工作\暑假项目\upx-visual-studio-lzss-rc4\upx-3.95\x64\release\c_screen.obj
e:\工作\暑假项目\upx-visual-studio-lzss-rc4\upx-3.95\x64\release\c_none.obj
e:\工作\暑假项目\upx-visual-studio-lzss-rc4\upx-3.95\x64\release\c_init.obj
e:\工作\暑假项目\upx-visual-studio-lzss-rc4\upx-3.95\x64\release\c_file.obj
e:\工作\暑假项目\upx-visual-studio-lzss-rc4\upx-3.95\x64\release\compress_zlib.obj
e:\工作\暑假项目\upx-visual-studio-lzss-rc4\upx-3.95\x64\release\compress_ucl.obj
e:\工作\暑假项目\upx-visual-studio-lzss-rc4\upx-3.95\x64\release\compress_lzma.obj
e:\工作\暑假项目\upx-visual-studio-lzss-rc4\upx-3.95\x64\release\compress_amg.obj
e:\工作\暑假项目\upx-visual-studio-lzss-rc4\upx-3.95\x64\release\compress.obj
e:\工作\暑假项目\upx-visual-studio-lzss-rc4\upx-3.95\x64\release\p_vmlinx.obj
e:\工作\暑假项目\upx-visual-studio-lzss-rc4\upx-3.95\x64\release\p_unix.obj
e:\工作\暑假项目\upx-visual-studio-lzss-rc4\upx-3.95\x64\release\p_tos.obj
e:\工作\暑假项目\upx-visual-studio-lzss-rc4\upx-3.95\x64\release\p_tmt.obj
e:\工作\暑假项目\upx-visual-studio-lzss-rc4\upx-3.95\x64\release\p_sys.obj
e:\工作\暑假项目\upx-visual-studio-lzss-rc4\upx-3.95\x64\release\p_ps1.obj
e:\工作\暑假项目\upx-visual-studio-lzss-rc4\upx-3.95\x64\release\p_mach.obj
e:\工作\暑假项目\upx-visual-studio-lzss-rc4\upx-3.95\x64\release\p_lx_sh.obj
e:\工作\暑假项目\upx-visual-studio-lzss-rc4\upx-3.95\x64\release\p_lx_interp.obj
e:\工作\暑假项目\upx-visual-studio-lzss-rc4\upx-3.95\x64\release\p_lx_exc.obj
e:\工作\暑假项目\upx-visual-studio-lzss-rc4\upx-3.95\x64\release\p_lx_elf.obj
e:\工作\暑假项目\upx-visual-studio-lzss-rc4\upx-3.95\x64\release\p_exe.obj
e:\工作\暑假项目\upx-visual-studio-lzss-rc4\upx-3.95\x64\release\p_djgpp2.obj
e:\工作\暑假项目\upx-visual-studio-lzss-rc4\upx-3.95\x64\release\p_com.obj
e:\工作\暑假项目\upx-visual-studio-lzss-rc4\upx-3.95\x64\release\p_armpe.obj
e:\工作\暑假项目\upx-visual-studio-lzss-rc4\upx-3.95\x64\release\pefile.obj
e:\工作\暑假项目\upx-visual-studio-lzss-rc4\upx-3.95\x64\release\packmast.obj
e:\工作\暑假项目\upx-visual-studio-lzss-rc4\upx-3.95\x64\release\packhead.obj
e:\工作\暑假项目\upx-visual-studio-lzss-rc4\upx-3.95\x64\release\packer_f.obj
e:\工作\暑假项目\upx-visual-studio-lzss-rc4\upx-3.95\x64\release\packer_c.obj
e:\工作\暑假项目\upx-visual-studio-lzss-rc4\upx-3.95\x64\release\work.obj
e:\工作\暑假项目\upx-visual-studio-lzss-rc4\upx-3.95\x64\release\util.obj
e:\工作\暑假项目\upx-visual-studio-lzss-rc4\upx-3.95\x64\release\ui.obj
e:\工作\暑假项目\upx-visual-studio-lzss-rc4\upx-3.95\x64\release\s_win32.obj
e:\工作\暑假项目\upx-visual-studio-lzss-rc4\upx-3.95\x64\release\s_vcsa.obj
e:\工作\暑假项目\upx-visual-studio-lzss-rc4\upx-3.95\x64\release\s_object.obj
e:\工作\暑假项目\upx-visual-studio-lzss-rc4\upx-3.95\x64\release\s_djgpp2.obj
e:\工作\暑假项目\upx-visual-studio-lzss-rc4\upx-3.95\x64\release\stdcxx.obj
e:\工作\暑假项目\upx-visual-studio-lzss-rc4\upx-3.95\x64\release\snprintf.obj
e:\工作\暑假项目\upx-visual-studio-lzss-rc4\upx-3.95\x64\release\p_wcle.obj
e:\工作\暑假项目\upx-visual-studio-lzss-rc4\upx-3.95\x64\release\p_w64pep.obj
e:\工作\暑假项目\upx-visual-studio-lzss-rc4\upx-3.95\x64\release\p_w32pe.obj
e:\工作\暑假项目\upx-visual-studio-lzss-rc4\upx-3.95\x64\release\p_vmlinz.obj
e:\工作\暑假项目\upx-visual-studio-lzss-rc4\x64\release\upx.exe
e:\工作\暑假项目\upx-visual-studio-lzss-rc4\x64\release\upx.pdb
e:\工作\暑假项目\upx-visual-studio-lzss-rc4\upx-3.95\x64\release\upx.tlog\cl.command.1.tlog
e:\工作\暑假项目\upx-visual-studio-lzss-rc4\upx-3.95\x64\release\upx.tlog\cl.read.1.tlog
e:\工作\暑假项目\upx-visual-studio-lzss-rc4\upx-3.95\x64\release\upx.tlog\cl.write.1.tlog
e:\工作\暑假项目\upx-visual-studio-lzss-rc4\upx-3.95\x64\release\upx.tlog\link.command.1.tlog
e:\工作\暑假项目\upx-visual-studio-lzss-rc4\upx-3.95\x64\release\upx.tlog\link.read.1.tlog
e:\工作\暑假项目\upx-visual-studio-lzss-rc4\upx-3.95\x64\release\upx.tlog\link.write.1.tlog
