e:\工作\暑假项目\upx-visual-studio-lzss-rc4\upx-3.95\x64\debug\vc120.pdb
e:\工作\暑假项目\upx-visual-studio-lzss-rc4\upx-3.95\x64\debug\vc120.idb
e:\工作\暑假项目\upx-visual-studio-lzss-rc4\upx-3.95\x64\debug\p_mach.obj
e:\工作\暑假项目\upx-visual-studio-lzss-rc4\upx-3.95\x64\debug\p_ps1.obj
e:\工作\暑假项目\upx-visual-studio-lzss-rc4\upx-3.95\x64\debug\p_sys.obj
e:\工作\暑假项目\upx-visual-studio-lzss-rc4\upx-3.95\x64\debug\p_tmt.obj
e:\工作\暑假项目\upx-visual-studio-lzss-rc4\upx-3.95\x64\debug\p_tos.obj
e:\工作\暑假项目\upx-visual-studio-lzss-rc4\upx-3.95\x64\debug\p_unix.obj
e:\工作\暑假项目\upx-visual-studio-lzss-rc4\upx-3.95\x64\debug\p_vmlinx.obj
e:\工作\暑假项目\upx-visual-studio-lzss-rc4\upx-3.95\x64\debug\p_vmlinz.obj
e:\工作\暑假项目\upx-visual-studio-lzss-rc4\upx-3.95\x64\debug\p_w32pe.obj
e:\工作\暑假项目\upx-visual-studio-lzss-rc4\upx-3.95\x64\debug\p_w64pep.obj
e:\工作\暑假项目\upx-visual-studio-lzss-rc4\upx-3.95\x64\debug\p_wcle.obj
e:\工作\暑假项目\upx-visual-studio-lzss-rc4\upx-3.95\x64\debug\snprintf.obj
e:\工作\暑假项目\upx-visual-studio-lzss-rc4\upx-3.95\x64\debug\stdcxx.obj
e:\工作\暑假项目\upx-visual-studio-lzss-rc4\upx-3.95\x64\debug\s_djgpp2.obj
e:\工作\暑假项目\upx-visual-studio-lzss-rc4\upx-3.95\x64\debug\s_object.obj
e:\工作\暑假项目\upx-visual-studio-lzss-rc4\upx-3.95\x64\debug\s_vcsa.obj
e:\工作\暑假项目\upx-visual-studio-lzss-rc4\upx-3.95\x64\debug\s_win32.obj
e:\工作\暑假项目\upx-visual-studio-lzss-rc4\upx-3.95\x64\debug\ui.obj
e:\工作\暑假项目\upx-visual-studio-lzss-rc4\upx-3.95\x64\debug\util.obj
e:\工作\暑假项目\upx-visual-studio-lzss-rc4\upx-3.95\x64\debug\work.obj
e:\工作\暑假项目\upx-visual-studio-lzss-rc4\upx-3.95\x64\debug\help.obj
e:\工作\暑假项目\upx-visual-studio-lzss-rc4\upx-3.95\x64\debug\lefile.obj
e:\工作\暑假项目\upx-visual-studio-lzss-rc4\upx-3.95\x64\debug\linker.obj
e:\工作\暑假项目\upx-visual-studio-lzss-rc4\upx-3.95\x64\debug\main.obj
e:\工作\暑假项目\upx-visual-studio-lzss-rc4\upx-3.95\x64\debug\mem.obj
e:\工作\暑假项目\upx-visual-studio-lzss-rc4\upx-3.95\x64\debug\msg.obj
e:\工作\暑假项目\upx-visual-studio-lzss-rc4\upx-3.95\x64\debug\packer.obj
e:\工作\暑假项目\upx-visual-studio-lzss-rc4\upx-3.95\x64\debug\packer_c.obj
e:\工作\暑假项目\upx-visual-studio-lzss-rc4\upx-3.95\x64\debug\packer_f.obj
e:\工作\暑假项目\upx-visual-studio-lzss-rc4\upx-3.95\x64\debug\packhead.obj
e:\工作\暑假项目\upx-visual-studio-lzss-rc4\upx-3.95\x64\debug\packmast.obj
e:\工作\暑假项目\upx-visual-studio-lzss-rc4\upx-3.95\x64\debug\pefile.obj
e:\工作\暑假项目\upx-visual-studio-lzss-rc4\upx-3.95\x64\debug\p_armpe.obj
e:\工作\暑假项目\upx-visual-studio-lzss-rc4\upx-3.95\x64\debug\p_com.obj
e:\工作\暑假项目\upx-visual-studio-lzss-rc4\upx-3.95\x64\debug\p_djgpp2.obj
e:\工作\暑假项目\upx-visual-studio-lzss-rc4\upx-3.95\x64\debug\p_exe.obj
e:\工作\暑假项目\upx-visual-studio-lzss-rc4\upx-3.95\x64\debug\p_lx_elf.obj
e:\工作\暑假项目\upx-visual-studio-lzss-rc4\upx-3.95\x64\debug\p_lx_exc.obj
e:\工作\暑假项目\upx-visual-studio-lzss-rc4\upx-3.95\x64\debug\p_lx_interp.obj
e:\工作\暑假项目\upx-visual-studio-lzss-rc4\upx-3.95\x64\debug\p_lx_sh.obj
e:\工作\暑假项目\upx-visual-studio-lzss-rc4\upx-3.95\x64\debug\compress.obj
e:\工作\暑假项目\upx-visual-studio-lzss-rc4\upx-3.95\x64\debug\compress_amg.obj
e:\工作\暑假项目\upx-visual-studio-lzss-rc4\upx-3.95\x64\debug\compress_lzma.obj
e:\工作\暑假项目\upx-visual-studio-lzss-rc4\upx-3.95\x64\debug\compress_ucl.obj
e:\工作\暑假项目\upx-visual-studio-lzss-rc4\upx-3.95\x64\debug\compress_zlib.obj
e:\工作\暑假项目\upx-visual-studio-lzss-rc4\upx-3.95\x64\debug\c_file.obj
e:\工作\暑假项目\upx-visual-studio-lzss-rc4\upx-3.95\x64\debug\c_init.obj
e:\工作\暑假项目\upx-visual-studio-lzss-rc4\upx-3.95\x64\debug\c_none.obj
e:\工作\暑假项目\upx-visual-studio-lzss-rc4\upx-3.95\x64\debug\c_screen.obj
e:\工作\暑假项目\upx-visual-studio-lzss-rc4\upx-3.95\x64\debug\except.obj
e:\工作\暑假项目\upx-visual-studio-lzss-rc4\upx-3.95\x64\debug\file.obj
e:\工作\暑假项目\upx-visual-studio-lzss-rc4\upx-3.95\x64\debug\filter.obj
e:\工作\暑假项目\upx-visual-studio-lzss-rc4\upx-3.95\x64\debug\filteri.obj
e:\工作\暑假项目\upx-visual-studio-lzss-rc4\x64\debug\upx.ilk
e:\工作\暑假项目\upx-visual-studio-lzss-rc4\x64\debug\upx.exe
e:\工作\暑假项目\upx-visual-studio-lzss-rc4\x64\debug\upx.pdb
e:\工作\暑假项目\upx-visual-studio-lzss-rc4\upx-3.95\x64\debug\upx.tlog\cl.command.1.tlog
e:\工作\暑假项目\upx-visual-studio-lzss-rc4\upx-3.95\x64\debug\upx.tlog\cl.read.1.tlog
e:\工作\暑假项目\upx-visual-studio-lzss-rc4\upx-3.95\x64\debug\upx.tlog\cl.write.1.tlog
e:\工作\暑假项目\upx-visual-studio-lzss-rc4\upx-3.95\x64\debug\upx.tlog\link.command.1.tlog
e:\工作\暑假项目\upx-visual-studio-lzss-rc4\upx-3.95\x64\debug\upx.tlog\link.read.1.tlog
e:\工作\暑假项目\upx-visual-studio-lzss-rc4\upx-3.95\x64\debug\upx.tlog\link.write.1.tlog
