e:\工作\暑假项目\upx-visual-studio-lzss-rc4\ucl\x64\release\vc120.pdb
e:\工作\暑假项目\upx-visual-studio-lzss-rc4\ucl\x64\release\ucl_util.obj
e:\工作\暑假项目\upx-visual-studio-lzss-rc4\ucl\x64\release\ucl_str.obj
e:\工作\暑假项目\upx-visual-studio-lzss-rc4\ucl\x64\release\ucl_ptr.obj
e:\工作\暑假项目\upx-visual-studio-lzss-rc4\ucl\x64\release\ucl_init.obj
e:\工作\暑假项目\upx-visual-studio-lzss-rc4\ucl\x64\release\ucl_crc.obj
e:\工作\暑假项目\upx-visual-studio-lzss-rc4\ucl\x64\release\n2e_to.obj
e:\工作\暑假项目\upx-visual-studio-lzss-rc4\ucl\x64\release\n2e_ds.obj
e:\工作\暑假项目\upx-visual-studio-lzss-rc4\ucl\x64\release\n2e_d.obj
e:\工作\暑假项目\upx-visual-studio-lzss-rc4\ucl\x64\release\n2e_99.obj
e:\工作\暑假项目\upx-visual-studio-lzss-rc4\ucl\x64\release\n2d_to.obj
e:\工作\暑假项目\upx-visual-studio-lzss-rc4\ucl\x64\release\n2d_ds.obj
e:\工作\暑假项目\upx-visual-studio-lzss-rc4\ucl\x64\release\n2d_d.obj
e:\工作\暑假项目\upx-visual-studio-lzss-rc4\ucl\x64\release\n2d_99.obj
e:\工作\暑假项目\upx-visual-studio-lzss-rc4\ucl\x64\release\n2b_to.obj
e:\工作\暑假项目\upx-visual-studio-lzss-rc4\ucl\x64\release\n2b_ds.obj
e:\工作\暑假项目\upx-visual-studio-lzss-rc4\ucl\x64\release\n2b_d.obj
e:\工作\暑假项目\upx-visual-studio-lzss-rc4\ucl\x64\release\n2b_99.obj
e:\工作\暑假项目\upx-visual-studio-lzss-rc4\ucl\x64\release\alloc.obj
e:\工作\暑假项目\upx-visual-studio-lzss-rc4\x64\release\ucl.lib
e:\工作\暑假项目\upx-visual-studio-lzss-rc4\ucl\x64\release\cpuid.obj
e:\工作\暑假项目\upx-visual-studio-lzss-rc4\ucl\x64\release\crcs_asm.obj
e:\工作\暑假项目\upx-visual-studio-lzss-rc4\ucl\x64\release\crc_asm.obj
e:\工作\暑假项目\upx-visual-studio-lzss-rc4\ucl\x64\release\n2b_d_f1.obj
e:\工作\暑假项目\upx-visual-studio-lzss-rc4\ucl\x64\release\n2b_d_f2.obj
e:\工作\暑假项目\upx-visual-studio-lzss-rc4\ucl\x64\release\n2b_d_f3.obj
e:\工作\暑假项目\upx-visual-studio-lzss-rc4\ucl\x64\release\n2b_d_f4.obj
e:\工作\暑假项目\upx-visual-studio-lzss-rc4\ucl\x64\release\n2b_d_f5.obj
e:\工作\暑假项目\upx-visual-studio-lzss-rc4\ucl\x64\release\n2b_d_f6.obj
e:\工作\暑假项目\upx-visual-studio-lzss-rc4\ucl\x64\release\n2b_d_n1.obj
e:\工作\暑假项目\upx-visual-studio-lzss-rc4\ucl\x64\release\n2b_d_n2.obj
e:\工作\暑假项目\upx-visual-studio-lzss-rc4\ucl\x64\release\n2b_d_n3.obj
e:\工作\暑假项目\upx-visual-studio-lzss-rc4\ucl\x64\release\n2b_d_n4.obj
e:\工作\暑假项目\upx-visual-studio-lzss-rc4\ucl\x64\release\n2b_d_n5.obj
e:\工作\暑假项目\upx-visual-studio-lzss-rc4\ucl\x64\release\n2b_d_n6.obj
e:\工作\暑假项目\upx-visual-studio-lzss-rc4\ucl\x64\release\n2b_d_s1.obj
e:\工作\暑假项目\upx-visual-studio-lzss-rc4\ucl\x64\release\n2b_d_s2.obj
e:\工作\暑假项目\upx-visual-studio-lzss-rc4\ucl\x64\release\n2b_d_s3.obj
e:\工作\暑假项目\upx-visual-studio-lzss-rc4\ucl\x64\release\n2b_d_s4.obj
e:\工作\暑假项目\upx-visual-studio-lzss-rc4\ucl\x64\release\n2b_d_s5.obj
e:\工作\暑假项目\upx-visual-studio-lzss-rc4\ucl\x64\release\n2b_d_s6.obj
e:\工作\暑假项目\upx-visual-studio-lzss-rc4\ucl\x64\release\n2d_d_f1.obj
e:\工作\暑假项目\upx-visual-studio-lzss-rc4\ucl\x64\release\n2d_d_f2.obj
e:\工作\暑假项目\upx-visual-studio-lzss-rc4\ucl\x64\release\n2d_d_f3.obj
e:\工作\暑假项目\upx-visual-studio-lzss-rc4\ucl\x64\release\n2d_d_f4.obj
e:\工作\暑假项目\upx-visual-studio-lzss-rc4\ucl\x64\release\n2d_d_f5.obj
e:\工作\暑假项目\upx-visual-studio-lzss-rc4\ucl\x64\release\n2d_d_f6.obj
e:\工作\暑假项目\upx-visual-studio-lzss-rc4\ucl\x64\release\n2d_d_n1.obj
e:\工作\暑假项目\upx-visual-studio-lzss-rc4\ucl\x64\release\n2d_d_n2.obj
e:\工作\暑假项目\upx-visual-studio-lzss-rc4\ucl\x64\release\n2d_d_n3.obj
e:\工作\暑假项目\upx-visual-studio-lzss-rc4\ucl\x64\release\n2d_d_n4.obj
e:\工作\暑假项目\upx-visual-studio-lzss-rc4\ucl\x64\release\n2d_d_n5.obj
e:\工作\暑假项目\upx-visual-studio-lzss-rc4\ucl\x64\release\n2d_d_n6.obj
e:\工作\暑假项目\upx-visual-studio-lzss-rc4\ucl\x64\release\n2d_d_s1.obj
e:\工作\暑假项目\upx-visual-studio-lzss-rc4\ucl\x64\release\n2d_d_s2.obj
e:\工作\暑假项目\upx-visual-studio-lzss-rc4\ucl\x64\release\n2d_d_s3.obj
e:\工作\暑假项目\upx-visual-studio-lzss-rc4\ucl\x64\release\n2d_d_s4.obj
e:\工作\暑假项目\upx-visual-studio-lzss-rc4\ucl\x64\release\n2d_d_s5.obj
e:\工作\暑假项目\upx-visual-studio-lzss-rc4\ucl\x64\release\n2d_d_s6.obj
e:\工作\暑假项目\upx-visual-studio-lzss-rc4\ucl\x64\release\n2e_d_f1.obj
e:\工作\暑假项目\upx-visual-studio-lzss-rc4\ucl\x64\release\n2e_d_f2.obj
e:\工作\暑假项目\upx-visual-studio-lzss-rc4\ucl\x64\release\n2e_d_f3.obj
e:\工作\暑假项目\upx-visual-studio-lzss-rc4\ucl\x64\release\n2e_d_f4.obj
e:\工作\暑假项目\upx-visual-studio-lzss-rc4\ucl\x64\release\n2e_d_f5.obj
e:\工作\暑假项目\upx-visual-studio-lzss-rc4\ucl\x64\release\n2e_d_f6.obj
e:\工作\暑假项目\upx-visual-studio-lzss-rc4\ucl\x64\release\n2e_d_n1.obj
e:\工作\暑假项目\upx-visual-studio-lzss-rc4\ucl\x64\release\n2e_d_n2.obj
e:\工作\暑假项目\upx-visual-studio-lzss-rc4\ucl\x64\release\n2e_d_n3.obj
e:\工作\暑假项目\upx-visual-studio-lzss-rc4\ucl\x64\release\n2e_d_n4.obj
e:\工作\暑假项目\upx-visual-studio-lzss-rc4\ucl\x64\release\n2e_d_n5.obj
e:\工作\暑假项目\upx-visual-studio-lzss-rc4\ucl\x64\release\n2e_d_n6.obj
e:\工作\暑假项目\upx-visual-studio-lzss-rc4\ucl\x64\release\n2e_d_s1.obj
e:\工作\暑假项目\upx-visual-studio-lzss-rc4\ucl\x64\release\n2e_d_s2.obj
e:\工作\暑假项目\upx-visual-studio-lzss-rc4\ucl\x64\release\n2e_d_s3.obj
e:\工作\暑假项目\upx-visual-studio-lzss-rc4\ucl\x64\release\n2e_d_s4.obj
e:\工作\暑假项目\upx-visual-studio-lzss-rc4\ucl\x64\release\n2e_d_s5.obj
e:\工作\暑假项目\upx-visual-studio-lzss-rc4\ucl\x64\release\n2e_d_s6.obj
e:\工作\暑假项目\upx-visual-studio-lzss-rc4\ucl\x64\release\rdtsc.obj
e:\工作\暑假项目\upx-visual-studio-lzss-rc4\ucl\x64\release\rdtsca.obj
e:\工作\暑假项目\upx-visual-studio-lzss-rc4\ucl\x64\release\ucl.tlog\cl.command.1.tlog
e:\工作\暑假项目\upx-visual-studio-lzss-rc4\ucl\x64\release\ucl.tlog\cl.read.1.tlog
e:\工作\暑假项目\upx-visual-studio-lzss-rc4\ucl\x64\release\ucl.tlog\cl.write.1.tlog
e:\工作\暑假项目\upx-visual-studio-lzss-rc4\ucl\x64\release\ucl.tlog\lib-link.read.1.tlog
e:\工作\暑假项目\upx-visual-studio-lzss-rc4\ucl\x64\release\ucl.tlog\lib-link.write.1.tlog
e:\工作\暑假项目\upx-visual-studio-lzss-rc4\ucl\x64\release\ucl.tlog\lib.command.1.tlog
e:\工作\暑假项目\upx-visual-studio-lzss-rc4\ucl\x64\release\ucl.tlog\ucl.write.1u.tlog
