  Assembling asm\cpuid.asm...
  Assembling asm\crcs_asm.asm...
  Assembling asm\crc_asm.asm...
  Assembling asm\n2b_d_f1.asm...
  Assembling asm\n2b_d_f2.asm...
  Assembling asm\n2b_d_f3.asm...
  Assembling asm\n2b_d_f4.asm...
  Assembling asm\n2b_d_f5.asm...
  Assembling asm\n2b_d_f6.asm...
  Assembling asm\n2b_d_n1.asm...
  Assembling asm\n2b_d_n2.asm...
  Assembling asm\n2b_d_n3.asm...
  Assembling asm\n2b_d_n4.asm...
  Assembling asm\n2b_d_n5.asm...
  Assembling asm\n2b_d_n6.asm...
  Assembling asm\n2b_d_s1.asm...
  Assembling asm\n2b_d_s2.asm...
  Assembling asm\n2b_d_s3.asm...
  Assembling asm\n2b_d_s4.asm...
  Assembling asm\n2b_d_s5.asm...
  Assembling asm\n2b_d_s6.asm...
  Assembling asm\n2d_d_f1.asm...
  Assembling asm\n2d_d_f2.asm...
  Assembling asm\n2d_d_f3.asm...
  Assembling asm\n2d_d_f4.asm...
  Assembling asm\n2d_d_f5.asm...
  Assembling asm\n2d_d_f6.asm...
  Assembling asm\n2d_d_n1.asm...
  Assembling asm\n2d_d_n2.asm...
  Assembling asm\n2d_d_n3.asm...
  Assembling asm\n2d_d_n4.asm...
  Assembling asm\n2d_d_n5.asm...
  Assembling asm\n2d_d_n6.asm...
  Assembling asm\n2d_d_s1.asm...
  Assembling asm\n2d_d_s2.asm...
  Assembling asm\n2d_d_s3.asm...
  Assembling asm\n2d_d_s4.asm...
  Assembling asm\n2d_d_s5.asm...
  Assembling asm\n2d_d_s6.asm...
  Assembling asm\n2e_d_f1.asm...
  Assembling asm\n2e_d_f2.asm...
  Assembling asm\n2e_d_f3.asm...
  Assembling asm\n2e_d_f4.asm...
  Assembling asm\n2e_d_f5.asm...
  Assembling asm\n2e_d_f6.asm...
  Assembling asm\n2e_d_n1.asm...
  Assembling asm\n2e_d_n2.asm...
  Assembling asm\n2e_d_n3.asm...
  Assembling asm\n2e_d_n4.asm...
  Assembling asm\n2e_d_n5.asm...
  Assembling asm\n2e_d_n6.asm...
  Assembling asm\n2e_d_s1.asm...
  Assembling asm\n2e_d_s2.asm...
  Assembling asm\n2e_d_s3.asm...
  Assembling asm\n2e_d_s4.asm...
  Assembling asm\n2e_d_s5.asm...
  Assembling asm\n2e_d_s6.asm...
  Assembling asm\rdtsc.asm...
  Assembling asm\rdtsca.asm...
  alloc.c
  n2b_99.c
  n2b_d.c
  n2b_ds.c
  n2b_to.c
  n2d_99.c
  n2d_d.c
  n2d_ds.c
  n2d_to.c
  n2e_99.c
  n2e_d.c
  n2e_ds.c
  n2e_to.c
  ucl_crc.c
  ucl_init.c
  ucl_ptr.c
  ucl_str.c
  ucl_util.c
  正在生成代码...
  ucl.vcxproj -> E:\new_folder\文件\混淆项目\UPX-Visual-Studio-LZSS-RC4\Release\ucl.lib
